build/outputs/logs/manifest-merger-debug-report.txt
-- Merging decision tree log ---
manifest
ADDED from src/main/AndroidManifest.xml:2:1-30:12
	package
		ADDED from src/main/AndroidManifest.xml:3:5-45
		INJECTED from src/main/AndroidManifest.xml
		INJECTED from src/main/AndroidManifest.xml
	android:versionName
		INJECTED from src/main/AndroidManifest.xml
		INJECTED from src/main/AndroidManifest.xml
	xmlns:android
		ADDED from src/main/AndroidManifest.xml:2:11-69
	android:versionCode
		INJECTED from src/main/AndroidManifest.xml
		INJECTED from src/main/AndroidManifest.xml
uses-permission#android.permission.INTERNET
ADDED from src/main/AndroidManifest.xml:5:5-67
MERGED from [com.google.android.gms:play-services-ads-lite:10.2.6] AndroidManifest.xml:19:5-66
	android:name
		ADDED from src/main/AndroidManifest.xml:5:22-64
application
ADDED from src/main/AndroidManifest.xml:7:5-28:19
MERGED from [org.altbeacon:mylibrary:adhoc-SNAPSHOT] AndroidManifest.xml:23:5-45:19
MERGED from [com.android.support:appcompat-v7:25.2.0] AndroidManifest.xml:25:5-20
MERGED from [com.android.support:animated-vector-drawable:25.2.0] AndroidManifest.xml:22:5-20
MERGED from [com.android.support:support-vector-drawable:25.2.0] AndroidManifest.xml:23:5-20
MERGED from [com.android.support.constraint:constraint-layout:1.0.0-alpha4] AndroidManifest.xml:9:5-20
MERGED from [com.google.android.gms:play-services-ads-lite:10.2.6] AndroidManifest.xml:23:5-27:19
MERGED from [com.google.android.gms:play-services-clearcut:10.2.6] AndroidManifest.xml:18:5-19
MERGED from [com.google.android.gms:play-services-base:10.2.6] AndroidManifest.xml:18:5-20:19
MERGED from [com.google.android.gms:play-services-tasks:10.2.6] AndroidManifest.xml:4:5-19
MERGED from [com.google.android.gms:play-services-gass:10.2.6] AndroidManifest.xml:4:5-19
MERGED from [com.google.android.gms:play-services-basement:10.2.6] AndroidManifest.xml:19:5-21:19
MERGED from [com.android.support:support-v4:25.2.0] AndroidManifest.xml:25:5-20
MERGED from [com.android.support:support-fragment:25.2.0] AndroidManifest.xml:25:5-20
MERGED from [com.android.support:support-media-compat:25.2.0] AndroidManifest.xml:25:5-20
MERGED from [com.android.support:support-core-ui:25.2.0] AndroidManifest.xml:25:5-20
MERGED from [com.android.support:support-core-utils:25.2.0] AndroidManifest.xml:25:5-20
MERGED from [com.android.support:support-compat:25.2.0] AndroidManifest.xml:25:5-20
	android:label
		ADDED from src/main/AndroidManifest.xml:11:9-41
	android:supportsRtl
		ADDED from src/main/AndroidManifest.xml:12:9-35
	android:allowBackup
		ADDED from src/main/AndroidManifest.xml:9:9-35
	android:icon
		ADDED from src/main/AndroidManifest.xml:10:9-40
	android:theme
		ADDED from src/main/AndroidManifest.xml:14:9-40
	android:name
		ADDED from src/main/AndroidManifest.xml:8:9-51
activity#com.androidstudd.myapplication.MonitoringActivity
ADDED from src/main/AndroidManifest.xml:15:9-25:20
	android:screenOrientation
		ADDED from src/main/AndroidManifest.xml:18:13-49
	android:label
		ADDED from src/main/AndroidManifest.xml:17:13-45
	android:name
		ADDED from src/main/AndroidManifest.xml:16:13-47
intent-filter#android.intent.action.MAIN+android.intent.category.LAUNCHER
ADDED from src/main/AndroidManifest.xml:20:13-24:29
action#android.intent.action.MAIN
ADDED from src/main/AndroidManifest.xml:21:17-69
	android:name
		ADDED from src/main/AndroidManifest.xml:21:25-66
category#android.intent.category.LAUNCHER
ADDED from src/main/AndroidManifest.xml:23:17-77
	android:name
		ADDED from src/main/AndroidManifest.xml:23:27-74
activity#com.androidstudd.myapplication.BeaconAdapter
ADDED from src/main/AndroidManifest.xml:26:9-27:61
	android:screenOrientation
		ADDED from src/main/AndroidManifest.xml:27:13-49
	android:name
		ADDED from src/main/AndroidManifest.xml:26:19-48
uses-sdk
INJECTED from src/main/AndroidManifest.xml reason: use-sdk injection requested
MERGED from [org.altbeacon:mylibrary:adhoc-SNAPSHOT] AndroidManifest.xml:8:5-11:208
MERGED from [com.android.support:appcompat-v7:25.2.0] AndroidManifest.xml:21:5-23:78
MERGED from [com.android.support:animated-vector-drawable:25.2.0] AndroidManifest.xml:20:5-44
MERGED from [com.android.support:support-vector-drawable:25.2.0] AndroidManifest.xml:21:5-43
MERGED from [com.android.support.constraint:constraint-layout:1.0.0-alpha4] AndroidManifest.xml:5:5-7:41
MERGED from [com.android.support:recyclerview-v7:25.2.0] AndroidManifest.xml:20:5-43
MERGED from [com.google.android.gms:play-services-ads:10.2.6] AndroidManifest.xml:17:5-43
MERGED from [com.google.android.gms:play-services-ads-lite:10.2.6] AndroidManifest.xml:22:5-43
MERGED from [com.google.android.gms:play-services-clearcut:10.2.6] AndroidManifest.xml:17:5-43
MERGED from [com.google.android.gms:play-services-base:10.2.6] AndroidManifest.xml:17:5-43
MERGED from [com.google.android.gms:play-services-tasks:10.2.6] AndroidManifest.xml:3:5-43
MERGED from [com.google.android.gms:play-services-gass:10.2.6] AndroidManifest.xml:3:5-43
MERGED from [com.google.android.gms:play-services-basement:10.2.6] AndroidManifest.xml:17:5-43
MERGED from [com.android.support:support-v4:25.2.0] AndroidManifest.xml:21:5-23:54
MERGED from [com.android.support:support-fragment:25.2.0] AndroidManifest.xml:21:5-23:60
MERGED from [com.android.support:support-media-compat:25.2.0] AndroidManifest.xml:21:5-23:63
MERGED from [com.android.support:support-core-ui:25.2.0] AndroidManifest.xml:21:5-23:58
MERGED from [com.android.support:support-core-utils:25.2.0] AndroidManifest.xml:21:5-23:61
MERGED from [com.android.support:support-compat:25.2.0] AndroidManifest.xml:21:5-23:58
	tools:overrideLibrary
		ADDED from [org.altbeacon:mylibrary:adhoc-SNAPSHOT] AndroidManifest.xml:11:9-205
	android:targetSdkVersion
		INJECTED from src/main/AndroidManifest.xml
		INJECTED from src/main/AndroidManifest.xml
	android:minSdkVersion
		INJECTED from src/main/AndroidManifest.xml
		INJECTED from src/main/AndroidManifest.xml
uses-permission#android.permission.BLUETOOTH
ADDED from [org.altbeacon:mylibrary:adhoc-SNAPSHOT] AndroidManifest.xml:13:5-15:36
	android:required
		ADDED from [org.altbeacon:mylibrary:adhoc-SNAPSHOT] AndroidManifest.xml:15:9-33
	android:name
		ADDED from [org.altbeacon:mylibrary:adhoc-SNAPSHOT] AndroidManifest.xml:14:9-52
uses-permission#android.permission.BLUETOOTH_ADMIN
ADDED from [org.altbeacon:mylibrary:adhoc-SNAPSHOT] AndroidManifest.xml:16:5-18:36
	android:required
		ADDED from [org.altbeacon:mylibrary:adhoc-SNAPSHOT] AndroidManifest.xml:18:9-33
	android:name
		ADDED from [org.altbeacon:mylibrary:adhoc-SNAPSHOT] AndroidManifest.xml:17:9-58
uses-permission#android.permission.RECEIVE_BOOT_COMPLETED
ADDED from [org.altbeacon:mylibrary:adhoc-SNAPSHOT] AndroidManifest.xml:19:5-81
	android:name
		ADDED from [org.altbeacon:mylibrary:adhoc-SNAPSHOT] AndroidManifest.xml:19:22-78
uses-permission-sdk-23
ADDED from [org.altbeacon:mylibrary:adhoc-SNAPSHOT] AndroidManifest.xml:21:5-88
	android:name
		ADDED from [org.altbeacon:mylibrary:adhoc-SNAPSHOT] AndroidManifest.xml:21:29-85
activity#org.altbeacon.androidfiles.MainActivity
ADDED from [org.altbeacon:mylibrary:adhoc-SNAPSHOT] AndroidManifest.xml:24:9-25:20
	android:name
		ADDED from [org.altbeacon:mylibrary:adhoc-SNAPSHOT] AndroidManifest.xml:24:19-73
receiver#org.altbeacon.beacon.startup.StartupBroadcastReceiver
ADDED from [org.altbeacon:mylibrary:adhoc-SNAPSHOT] AndroidManifest.xml:27:9-33:20
	android:name
		ADDED from [org.altbeacon:mylibrary:adhoc-SNAPSHOT] AndroidManifest.xml:27:19-87
intent-filter#android.intent.action.ACTION_POWER_CONNECTED+android.intent.action.ACTION_POWER_DISCONNECTED+android.intent.action.BOOT_COMPLETED
ADDED from [org.altbeacon:mylibrary:adhoc-SNAPSHOT] AndroidManifest.xml:28:13-32:29
action#android.intent.action.BOOT_COMPLETED
ADDED from [org.altbeacon:mylibrary:adhoc-SNAPSHOT] AndroidManifest.xml:29:17-79
	android:name
		ADDED from [org.altbeacon:mylibrary:adhoc-SNAPSHOT] AndroidManifest.xml:29:25-76
action#android.intent.action.ACTION_POWER_CONNECTED
ADDED from [org.altbeacon:mylibrary:adhoc-SNAPSHOT] AndroidManifest.xml:30:17-87
	android:name
		ADDED from [org.altbeacon:mylibrary:adhoc-SNAPSHOT] AndroidManifest.xml:30:25-84
action#android.intent.action.ACTION_POWER_DISCONNECTED
ADDED from [org.altbeacon:mylibrary:adhoc-SNAPSHOT] AndroidManifest.xml:31:17-90
	android:name
		ADDED from [org.altbeacon:mylibrary:adhoc-SNAPSHOT] AndroidManifest.xml:31:25-87
service#org.altbeacon.beacon.service.BeaconService
ADDED from [org.altbeacon:mylibrary:adhoc-SNAPSHOT] AndroidManifest.xml:35:9-40:38
	android:enabled
		ADDED from [org.altbeacon:mylibrary:adhoc-SNAPSHOT] AndroidManifest.xml:37:13-35
	android:label
		ADDED from [org.altbeacon:mylibrary:adhoc-SNAPSHOT] AndroidManifest.xml:40:13-35
	android:exported
		ADDED from [org.altbeacon:mylibrary:adhoc-SNAPSHOT] AndroidManifest.xml:38:13-37
	android:isolatedProcess
		ADDED from [org.altbeacon:mylibrary:adhoc-SNAPSHOT] AndroidManifest.xml:39:13-44
	android:name
		ADDED from [org.altbeacon:mylibrary:adhoc-SNAPSHOT] AndroidManifest.xml:36:13-70
service#org.altbeacon.beacon.BeaconIntentProcessor
ADDED from [org.altbeacon:mylibrary:adhoc-SNAPSHOT] AndroidManifest.xml:41:9-44:40
	android:enabled
		ADDED from [org.altbeacon:mylibrary:adhoc-SNAPSHOT] AndroidManifest.xml:43:13-35
	android:exported
		ADDED from [org.altbeacon:mylibrary:adhoc-SNAPSHOT] AndroidManifest.xml:44:13-37
	android:name
		ADDED from [org.altbeacon:mylibrary:adhoc-SNAPSHOT] AndroidManifest.xml:42:13-70
uses-permission#android.permission.ACCESS_NETWORK_STATE
ADDED from [com.google.android.gms:play-services-ads-lite:10.2.6] AndroidManifest.xml:20:5-78
	android:name
		ADDED from [com.google.android.gms:play-services-ads-lite:10.2.6] AndroidManifest.xml:20:22-76
activity#com.google.android.gms.ads.AdActivity
ADDED from [com.google.android.gms:play-services-ads-lite:10.2.6] AndroidManifest.xml:25:9-232
	android:configChanges
		ADDED from [com.google.android.gms:play-services-ads-lite:10.2.6] AndroidManifest.xml:25:72-181
	android:theme
		ADDED from [com.google.android.gms:play-services-ads-lite:10.2.6] AndroidManifest.xml:25:182-230
	android:name
		ADDED from [com.google.android.gms:play-services-ads-lite:10.2.6] AndroidManifest.xml:25:19-71
activity#com.google.android.gms.ads.purchase.InAppPurchaseActivity
ADDED from [com.google.android.gms:play-services-ads-lite:10.2.6] AndroidManifest.xml:26:9-131
	android:theme
		ADDED from [com.google.android.gms:play-services-ads-lite:10.2.6] AndroidManifest.xml:26:92-129
	android:name
		ADDED from [com.google.android.gms:play-services-ads-lite:10.2.6] AndroidManifest.xml:26:19-91
activity#com.google.android.gms.common.api.GoogleApiActivity
ADDED from [com.google.android.gms:play-services-base:10.2.6] AndroidManifest.xml:19:9-172
	android:exported
		ADDED from [com.google.android.gms:play-services-base:10.2.6] AndroidManifest.xml:19:146-170
	android:theme
		ADDED from [com.google.android.gms:play-services-base:10.2.6] AndroidManifest.xml:19:86-145
	android:name
		ADDED from [com.google.android.gms:play-services-base:10.2.6] AndroidManifest.xml:19:19-85
meta-data#com.google.android.gms.version
ADDED from [com.google.android.gms:play-services-basement:10.2.6] AndroidManifest.xml:20:9-121
	android:value
		ADDED from [com.google.android.gms:play-services-basement:10.2.6] AndroidManifest.xml:20:66-119
	android:name
		ADDED from [com.google.android.gms:play-services-basement:10.2.6] AndroidManifest.xml:20:20-65